<?xml version="1.0" encoding="UTF-8"?>
<testng-results total="1" passed="1" failed="0" skipped="0">
  <reporter-output>
  </reporter-output>
  <suite started-at="2022-08-01T03:44:41Z" name="Default suite" finished-at="2022-08-01T03:44:52Z" duration-ms="11389">
    <groups>
    </groups>
    <test started-at="2022-08-01T03:44:41Z" name="Default test" finished-at="2022-08-01T03:44:52Z" duration-ms="11389">
      <class name="appium.Calculadora">
        <test-method is-config="true" signature="SetUp()[pri:0, instance:appium.Calculadora@3b8f0a79]" started-at="2022-07-31T21:44:41Z" name="SetUp" finished-at="2022-07-31T21:44:49Z" duration-ms="8270" status="PASS">
          <reporter-output>
          </reporter-output>
        </test-method> <!-- SetUp -->
        <test-method signature="test()[pri:0, instance:appium.Calculadora@3b8f0a79]" started-at="2022-07-31T21:44:49Z" name="test" finished-at="2022-07-31T21:44:52Z" duration-ms="3109" status="PASS">
          <reporter-output>
          </reporter-output>
        </test-method> <!-- test -->
        <test-method is-config="true" signature="testend()[pri:0, instance:appium.Calculadora@3b8f0a79]" started-at="2022-07-31T21:44:52Z" name="testend" finished-at="2022-07-31T21:44:52Z" duration-ms="1" status="PASS">
          <reporter-output>
          </reporter-output>
        </test-method> <!-- testend -->
      </class> <!-- appium.Calculadora -->
    </test> <!-- Default test -->
  </suite> <!-- Default suite -->
</testng-results>
